2021-12-22 09:06:08 [main] ERROR c.f.d.r.ApplicationRunnerImpl            : error Test
2021-12-22 09:33:28 [main] ERROR c.f.d.r.ApplicationRunnerImpl            : error Test
2021-12-22 10:33:56 [main] ERROR c.f.d.r.ApplicationRunnerImpl            : error Test
