2021-12-17 15:13:52 [main] ERROR c.f.d.r.ApplicationRunnerImpl            : error Test
2021-12-17 15:46:37 [main] ERROR c.f.d.r.ApplicationRunnerImpl            : error Test
2021-12-17 15:48:28 [main] ERROR c.f.d.r.ApplicationRunnerImpl            : error Test
2021-12-17 16:16:54 [main] ERROR c.f.d.r.ApplicationRunnerImpl            : error Test
2021-12-17 16:29:52 [main] ERROR c.f.d.r.ApplicationRunnerImpl            : error Test
2021-12-17 16:47:01 [main] ERROR c.f.d.r.ApplicationRunnerImpl            : error Test
