2021-08-26 10:38:10 [main] ERROR c.f.d.r.ApplicationRunnerImpl            : error Test
2021-08-26 10:43:04 [main] ERROR c.f.d.r.ApplicationRunnerImpl            : error Test
2021-08-26 11:26:59 [main] ERROR c.f.d.r.ApplicationRunnerImpl            : error Test
2021-08-26 11:27:50 [main] ERROR c.f.d.r.ApplicationRunnerImpl            : error Test
2021-08-26 11:28:22 [main] ERROR c.f.d.r.ApplicationRunnerImpl            : error Test
2021-08-26 11:28:54 [main] ERROR c.f.d.r.ApplicationRunnerImpl            : error Test
