2021-12-21 09:52:03 [main] ERROR c.f.d.r.ApplicationRunnerImpl            : error Test
2021-12-21 09:53:43 [main] ERROR c.f.d.r.ApplicationRunnerImpl            : error Test
2021-12-21 09:54:38 [main] ERROR c.f.d.r.ApplicationRunnerImpl            : error Test
2021-12-21 09:56:51 [main] ERROR c.f.d.r.ApplicationRunnerImpl            : error Test
2021-12-21 09:57:36 [main] ERROR c.f.d.r.ApplicationRunnerImpl            : error Test
2021-12-21 10:00:52 [main] ERROR c.f.d.r.ApplicationRunnerImpl            : error Test
2021-12-21 10:01:43 [main] ERROR c.f.d.r.ApplicationRunnerImpl            : error Test
2021-12-21 10:03:43 [main] ERROR c.f.d.r.ApplicationRunnerImpl            : error Test
2021-12-21 10:05:21 [main] ERROR c.f.d.r.ApplicationRunnerImpl            : error Test
2021-12-21 10:06:47 [main] ERROR c.f.d.r.ApplicationRunnerImpl            : error Test
2021-12-21 10:08:17 [main] ERROR c.f.d.r.ApplicationRunnerImpl            : error Test
2021-12-21 10:25:34 [main] ERROR c.f.d.r.ApplicationRunnerImpl            : error Test
2021-12-21 10:27:41 [main] ERROR c.f.d.r.ApplicationRunnerImpl            : error Test
2021-12-21 10:32:24 [main] ERROR c.f.d.r.ApplicationRunnerImpl            : error Test
2021-12-21 10:33:45 [main] ERROR c.f.d.r.ApplicationRunnerImpl            : error Test
2021-12-21 10:38:36 [main] ERROR c.f.d.r.ApplicationRunnerImpl            : error Test
2021-12-21 10:39:38 [main] ERROR c.f.d.r.ApplicationRunnerImpl            : error Test
2021-12-21 10:42:11 [main] ERROR c.f.d.r.ApplicationRunnerImpl            : error Test
2021-12-21 10:43:17 [main] ERROR c.f.d.r.ApplicationRunnerImpl            : error Test
2021-12-21 10:48:12 [main] ERROR c.f.d.r.ApplicationRunnerImpl            : error Test
2021-12-21 10:53:13 [main] ERROR c.f.d.r.ApplicationRunnerImpl            : error Test
2021-12-21 10:55:20 [main] ERROR c.f.d.r.ApplicationRunnerImpl            : error Test
2021-12-21 10:56:23 [main] ERROR c.f.d.r.ApplicationRunnerImpl            : error Test
2021-12-21 10:59:39 [main] ERROR c.f.d.r.ApplicationRunnerImpl            : error Test
2021-12-21 11:21:02 [main] ERROR c.f.d.r.ApplicationRunnerImpl            : error Test
2021-12-21 11:24:03 [main] ERROR c.f.d.r.ApplicationRunnerImpl            : error Test
