2021-08-12 10:35:24 [main] ERROR c.f.d.r.ApplicationRunnerImpl            : error Test
2021-08-12 10:55:38 [main] ERROR c.f.d.r.ApplicationRunnerImpl            : error Test
2021-08-12 11:02:57 [main] ERROR c.f.d.r.ApplicationRunnerImpl            : error Test
2021-08-12 11:06:13 [main] ERROR c.f.d.r.ApplicationRunnerImpl            : error Test
2021-08-12 11:13:26 [main] ERROR c.f.d.r.ApplicationRunnerImpl            : error Test
2021-08-12 11:19:58 [main] ERROR c.f.d.r.ApplicationRunnerImpl            : error Test
2021-08-12 11:23:24 [main] ERROR c.f.d.r.ApplicationRunnerImpl            : error Test
2021-08-12 13:33:39 [main] ERROR c.f.d.r.ApplicationRunnerImpl            : error Test
