2021-08-11 11:11:51 [main] ERROR c.f.d.r.ApplicationRunnerImpl            : error Test
2021-08-11 11:12:06 [main] ERROR c.f.d.r.ApplicationRunnerImpl            : error Test
2021-08-11 11:13:38 [main] ERROR c.f.d.r.ApplicationRunnerImpl            : error Test
2021-08-11 11:14:45 [main] ERROR c.f.d.r.ApplicationRunnerImpl            : error Test
2021-08-11 13:18:31 [main] ERROR c.f.d.r.ApplicationRunnerImpl            : error Test
2021-08-11 13:19:33 [main] ERROR c.f.d.r.ApplicationRunnerImpl            : error Test
2021-08-11 13:20:45 [main] ERROR c.f.d.r.ApplicationRunnerImpl            : error Test
2021-08-11 13:22:00 [main] ERROR c.f.d.r.ApplicationRunnerImpl            : error Test
2021-08-11 13:25:30 [main] ERROR c.f.d.r.ApplicationRunnerImpl            : error Test
