2021-08-13 14:10:48 [main] ERROR c.f.d.r.ApplicationRunnerImpl            : error Test
2021-08-13 14:13:50 [main] ERROR c.f.d.r.ApplicationRunnerImpl            : error Test
